2025-01-30 08:55:54,686 - AnimaginePrompt - DEBUG - === CSV Operation: Validation ===
2025-01-30 08:55:54,687 - AnimaginePrompt - DEBUG - File: C:\Users\Alex\Desktop\anime_prompt\ComfyUI\custom_nodes\ComfyUI-Animagine-prompt\example_csv\example.csv
2025-01-30 08:55:54,687 - AnimaginePrompt - DEBUG - Details: {'columns_found': ['GENDER', 'CHARACTER', 'COPYRIGHT']}
2025-01-30 08:55:54,688 - AnimaginePrompt - DEBUG - === Performance: CSV Load ===
2025-01-30 08:55:54,689 - AnimaginePrompt - DEBUG - Duration: 0.0150 seconds
2025-01-30 08:55:54,689 - AnimaginePrompt - DEBUG - Details: {'filepath': 'C:\\Users\\Alex\\Desktop\\anime_prompt\\ComfyUI\\custom_nodes\\ComfyUI-Animagine-prompt\\example_csv\\example.csv', 'rows': 23, 'cached': True}
2025-01-30 08:55:54,689 - AnimaginePrompt - DEBUG - === CSV Operation: Get Entry ===
2025-01-30 08:55:54,690 - AnimaginePrompt - DEBUG - Details: {'index': 4, 'entry': {'gender': '1girl', 'character': 'mokota mememe', 'copyright': '.live'}}
2025-01-30 08:59:14,187 - AnimaginePrompt - INFO - AnimaginePromptNode initialized
2025-01-30 08:59:14,187 - AnimaginePrompt - DEBUG - === Prompt Generation Started ===
2025-01-30 08:59:14,188 - AnimaginePrompt - DEBUG - Parameters used: {'use_good_tags': True, 'use_bad_tags': True, 'use_year': True, 'use_rating': True, 'use_csv': True}
2025-01-30 08:59:14,188 - AnimaginePrompt - DEBUG - Base positive prompt: Positive Prompt
2025-01-30 08:59:14,188 - AnimaginePrompt - DEBUG - Base negative prompt: Negative Prompt
2025-01-30 08:59:14,188 - AnimaginePrompt - DEBUG - Built good tags: masterpiece, high score
2025-01-30 08:59:14,188 - AnimaginePrompt - DEBUG - Added good tags: masterpiece, high score
2025-01-30 08:59:14,188 - AnimaginePrompt - DEBUG - Built bad tags: low quality, average score
2025-01-30 08:59:14,188 - AnimaginePrompt - DEBUG - Added bad tags: low quality, average score
2025-01-30 08:59:14,189 - AnimaginePrompt - INFO - Loading new CSV file: C:\Users\Alex\Desktop\anime_prompt\ComfyUI\custom_nodes\ComfyUI-Animagine-prompt\example_csv\example.csv
2025-01-30 08:59:14,192 - AnimaginePrompt - DEBUG - === CSV Operation: Validation ===
2025-01-30 08:59:14,192 - AnimaginePrompt - DEBUG - File: C:\Users\Alex\Desktop\anime_prompt\ComfyUI\custom_nodes\ComfyUI-Animagine-prompt\example_csv\example.csv
2025-01-30 08:59:14,193 - AnimaginePrompt - DEBUG - Details: {'columns_found': ['GENDER', 'CHARACTER', 'COPYRIGHT']}
2025-01-30 08:59:14,194 - AnimaginePrompt - DEBUG - === Performance: CSV Load ===
2025-01-30 08:59:14,194 - AnimaginePrompt - DEBUG - Duration: 0.0056 seconds
2025-01-30 08:59:14,195 - AnimaginePrompt - DEBUG - Details: {'filepath': 'C:\\Users\\Alex\\Desktop\\anime_prompt\\ComfyUI\\custom_nodes\\ComfyUI-Animagine-prompt\\example_csv\\example.csv', 'rows': 23, 'cached': True}
2025-01-30 08:59:14,195 - AnimaginePrompt - DEBUG - === CSV Operation: Get Entry ===
2025-01-30 08:59:14,195 - AnimaginePrompt - DEBUG - Details: {'index': 4, 'entry': {'gender': '1girl', 'character': 'mokota mememe', 'copyright': '.live'}}
2025-01-30 08:59:14,195 - AnimaginePrompt - DEBUG - === Performance: CSV Entry Retrieval ===
2025-01-30 08:59:14,196 - AnimaginePrompt - DEBUG - Duration: 0.0066 seconds
2025-01-30 08:59:14,196 - AnimaginePrompt - DEBUG - Details: {'path': 'C:\\Users\\Alex\\Desktop\\anime_prompt\\ComfyUI\\custom_nodes\\ComfyUI-Animagine-prompt\\example_csv\\example.csv', 'index': 4}
2025-01-30 08:59:14,196 - AnimaginePrompt - DEBUG - Formatted CSV entry: 1girl, mokota mememe, .live
2025-01-30 08:59:14,196 - AnimaginePrompt - DEBUG - Added CSV entry: 1girl, mokota mememe, .live
2025-01-30 08:59:14,196 - AnimaginePrompt - DEBUG - Added base positive prompt: Positive Prompt
2025-01-30 08:59:14,197 - AnimaginePrompt - DEBUG - Added year tag: year 2024
2025-01-30 08:59:14,197 - AnimaginePrompt - DEBUG - Added rating: safe
2025-01-30 08:59:14,197 - AnimaginePrompt - DEBUG - Added default negative tags
2025-01-30 08:59:14,197 - AnimaginePrompt - DEBUG - Added user negative prompt: Negative Prompt
2025-01-30 08:59:14,197 - AnimaginePrompt - DEBUG - === Performance: Prompt Generation ===
2025-01-30 08:59:14,198 - AnimaginePrompt - DEBUG - Duration: 0.0101 seconds
2025-01-30 08:59:14,198 - AnimaginePrompt - DEBUG - Details: {'positive_parts': 6, 'negative_parts': 17}
2025-01-30 08:59:14,198 - AnimaginePrompt - INFO - Prompt generation completed successfully
